[debug] [2020-05-14T15:29:51.608Z] ----------------------------------------------------------------------
[debug] [2020-05-14T15:29:51.610Z] Command:       /Users/s.yamamo/.nodebrew/node/v12.16.3/bin/node /Users/s.yamamo/.nodebrew/current/bin/firebase init
[debug] [2020-05-14T15:29:51.610Z] CLI Version:   8.2.0
[debug] [2020-05-14T15:29:51.610Z] Platform:      darwin
[debug] [2020-05-14T15:29:51.610Z] Node Version:  v12.16.3
[debug] [2020-05-14T15:29:51.611Z] Time:          Fri May 15 2020 00:29:51 GMT+0900 (GMT+09:00)
[debug] [2020-05-14T15:29:51.611Z] ----------------------------------------------------------------------
[debug] [2020-05-14T15:29:51.612Z] 
[debug] [2020-05-14T15:29:51.621Z] > command requires scopes: ["email","openid","https://www.googleapis.com/auth/cloudplatformprojects.readonly","https://www.googleapis.com/auth/firebase","https://www.googleapis.com/auth/cloud-platform"]
[debug] [2020-05-14T15:29:51.622Z] > authorizing via signed-in user
[info] 
     ######## #### ########  ######## ########     ###     ######  ########
     ##        ##  ##     ## ##       ##     ##  ##   ##  ##       ##
     ######    ##  ########  ######   ########  #########  ######  ######
     ##        ##  ##    ##  ##       ##     ## ##     ##       ## ##
     ##       #### ##     ## ######## ########  ##     ##  ######  ########

You're about to initialize a Firebase project in this directory:

  /Users/s.yamamo/myProjects/covid19info

Before we get started, keep in mind:

  * You are initializing in an existing Firebase project directory

[info] 
=== Project Setup
[info] 
[info] First, let's associate this project directory with a Firebase project.
[info] You can create multiple project aliases by running firebase use --add, 
[info] but for now we'll just set up a default project.
[info] 
[info] i  .firebaserc already has a default project, using covid19info-574cd.
[debug] [2020-05-14T15:29:57.712Z] > refreshing access token with scopes: ["email","https://www.googleapis.com/auth/cloud-platform","https://www.googleapis.com/auth/cloudplatformprojects.readonly","https://www.googleapis.com/auth/firebase","openid"]
[debug] [2020-05-14T15:29:57.712Z] >>> HTTP REQUEST POST https://www.googleapis.com/oauth2/v3/token  
 <request body omitted>
[debug] [2020-05-14T15:29:57.845Z] <<< HTTP RESPONSE 200 {"content-type":"application/json; charset=utf-8","vary":"X-Origin, Referer, Origin,Accept-Encoding","date":"Thu, 14 May 2020 15:29:57 GMT","server":"scaffolding on HTTPServer2","cache-control":"private","x-xss-protection":"0","x-frame-options":"SAMEORIGIN","x-content-type-options":"nosniff","alt-svc":"h3-27=\":443\"; ma=2592000,h3-25=\":443\"; ma=2592000,h3-T050=\":443\"; ma=2592000,h3-Q050=\":443\"; ma=2592000,h3-Q049=\":443\"; ma=2592000,h3-Q048=\":443\"; ma=2592000,h3-Q046=\":443\"; ma=2592000,h3-Q043=\":443\"; ma=2592000,quic=\":443\"; ma=2592000; v=\"46,43\"","accept-ranges":"none","transfer-encoding":"chunked"}
[debug] [2020-05-14T15:29:57.861Z] >>> HTTP REQUEST GET https://firebase.googleapis.com/v1beta1/projects/covid19info-574cd  
 
[debug] [2020-05-14T15:29:58.449Z] <<< HTTP RESPONSE 403 {"vary":"X-Origin, Referer, Origin,Accept-Encoding","content-type":"application/json; charset=UTF-8","date":"Thu, 14 May 2020 15:29:58 GMT","server":"ESF","cache-control":"private","x-xss-protection":"0","x-frame-options":"SAMEORIGIN","x-content-type-options":"nosniff","alt-svc":"h3-27=\":443\"; ma=2592000,h3-25=\":443\"; ma=2592000,h3-T050=\":443\"; ma=2592000,h3-Q050=\":443\"; ma=2592000,h3-Q049=\":443\"; ma=2592000,h3-Q048=\":443\"; ma=2592000,h3-Q046=\":443\"; ma=2592000,h3-Q043=\":443\"; ma=2592000,quic=\":443\"; ma=2592000; v=\"46,43\"","accept-ranges":"none","transfer-encoding":"chunked"}
[debug] [2020-05-14T15:29:58.449Z] <<< HTTP RESPONSE BODY {"error":{"code":403,"message":"The caller does not have permission","status":"PERMISSION_DENIED"}}
[debug] [2020-05-14T15:29:58.451Z] HTTP Error: 403, The caller does not have permission
[debug] [2020-05-14T15:29:58.453Z] FirebaseError: HTTP Error: 403, The caller does not have permission
    at module.exports (/Users/s.yamamo/.nodebrew/node/v12.16.3/lib/node_modules/firebase-tools/lib/responseToError.js:38:12)
    at Request._callback (/Users/s.yamamo/.nodebrew/node/v12.16.3/lib/node_modules/firebase-tools/lib/api.js:41:35)
    at Request.self.callback (/Users/s.yamamo/.nodebrew/node/v12.16.3/lib/node_modules/firebase-tools/node_modules/request/request.js:185:22)
    at Request.emit (events.js:310:20)
    at Request.EventEmitter.emit (domain.js:482:12)
    at Request.<anonymous> (/Users/s.yamamo/.nodebrew/node/v12.16.3/lib/node_modules/firebase-tools/node_modules/request/request.js:1154:10)
    at Request.emit (events.js:310:20)
    at Request.EventEmitter.emit (domain.js:482:12)
    at IncomingMessage.<anonymous> (/Users/s.yamamo/.nodebrew/node/v12.16.3/lib/node_modules/firebase-tools/node_modules/request/request.js:1076:12)
    at Object.onceWrapper (events.js:416:28)
    at IncomingMessage.emit (events.js:322:22)
    at IncomingMessage.EventEmitter.emit (domain.js:482:12)
    at endReadableNT (_stream_readable.js:1187:12)
    at processTicksAndRejections (internal/process/task_queues.js:84:21)
[error] 
[error] Error: Failed to get Firebase project covid19info-574cd. Please make sure the project exists and your account has permission to access it.
